2024-02-08 22:55:05,321 - root - INFO - Epoch 0; loss: 31.583633422851562; CER: 1.422863245010376; WER: 1.0; val_loss: 17.168197631835938; val_CER: 1.0; val_WER: 1.0
2024-02-08 22:55:22,276 - root - INFO - Epoch 1; loss: 16.483129501342773; CER: 1.0; WER: 1.0; val_loss: 16.488115310668945; val_CER: 1.0; val_WER: 1.0
2024-02-08 22:55:39,835 - root - INFO - Epoch 2; loss: 16.352794647216797; CER: 1.0; WER: 1.0; val_loss: 16.351991653442383; val_CER: 1.0; val_WER: 1.0
2024-02-08 22:55:57,386 - root - INFO - Epoch 3; loss: 16.327621459960938; CER: 1.0; WER: 1.0; val_loss: 16.357614517211914; val_CER: 1.0; val_WER: 1.0
2024-02-08 22:56:15,300 - root - INFO - Epoch 4; loss: 16.321231842041016; CER: 1.0; WER: 1.0; val_loss: 16.3505802154541; val_CER: 1.0; val_WER: 1.0
2024-02-08 22:56:32,254 - root - INFO - Epoch 5; loss: 16.33696174621582; CER: 1.0; WER: 1.0; val_loss: 16.39008140563965; val_CER: 1.0; val_WER: 1.0
2024-02-08 22:56:49,117 - root - INFO - Epoch 6; loss: 16.30999183654785; CER: 1.0; WER: 1.0; val_loss: 16.371990203857422; val_CER: 1.0; val_WER: 1.0
2024-02-08 22:57:05,884 - root - INFO - Epoch 7; loss: 16.303377151489258; CER: 1.0; WER: 1.0; val_loss: 16.36750030517578; val_CER: 1.0; val_WER: 1.0
2024-02-08 22:57:22,739 - root - INFO - Epoch 8; loss: 16.308290481567383; CER: 1.0; WER: 1.0; val_loss: 16.362302780151367; val_CER: 1.0; val_WER: 1.0
2024-02-08 22:57:39,684 - root - INFO - Epoch 9; loss: 16.29764175415039; CER: 1.0; WER: 1.0; val_loss: 16.34490394592285; val_CER: 1.0; val_WER: 1.0
2024-02-08 22:57:56,906 - root - INFO - Epoch 10; loss: 16.28217315673828; CER: 1.0; WER: 1.0; val_loss: 16.30195426940918; val_CER: 1.0; val_WER: 1.0
2024-02-08 22:58:14,930 - root - INFO - Epoch 11; loss: 16.281047821044922; CER: 1.0; WER: 1.0; val_loss: 16.326690673828125; val_CER: 1.0; val_WER: 1.0
2024-02-08 22:58:32,476 - root - INFO - Epoch 12; loss: 16.270763397216797; CER: 1.0; WER: 1.0; val_loss: 16.284812927246094; val_CER: 1.0; val_WER: 1.0
2024-02-08 22:58:49,132 - root - INFO - Epoch 13; loss: 16.253576278686523; CER: 1.0; WER: 1.0; val_loss: 16.312705993652344; val_CER: 1.0; val_WER: 1.0
2024-02-08 22:59:06,689 - root - INFO - Epoch 14; loss: 16.208494186401367; CER: 1.0; WER: 1.0; val_loss: 16.233949661254883; val_CER: 1.0; val_WER: 1.0
2024-02-08 22:59:23,778 - root - INFO - Epoch 15; loss: 16.154338836669922; CER: 1.0; WER: 1.0; val_loss: 16.191478729248047; val_CER: 1.0; val_WER: 1.0
2024-02-08 22:59:40,924 - root - INFO - Epoch 16; loss: 16.090518951416016; CER: 1.0; WER: 1.0; val_loss: 16.403722763061523; val_CER: 1.0; val_WER: 1.0
2024-02-08 22:59:58,072 - root - INFO - Epoch 17; loss: 15.981428146362305; CER: 1.0; WER: 1.0; val_loss: 16.020145416259766; val_CER: 1.0; val_WER: 1.0
2024-02-08 23:00:15,111 - root - INFO - Epoch 18; loss: 15.81948184967041; CER: 1.0; WER: 1.0; val_loss: 15.718584060668945; val_CER: 1.0; val_WER: 1.0
2024-02-08 23:00:32,190 - root - INFO - Epoch 19; loss: 15.71091079711914; CER: 0.9995726346969604; WER: 1.0; val_loss: 15.738348960876465; val_CER: 1.0; val_WER: 1.0
2024-02-08 23:00:49,829 - root - INFO - Epoch 20; loss: 15.48574447631836; CER: 0.9987179636955261; WER: 1.0; val_loss: 15.498969078063965; val_CER: 1.0; val_WER: 1.0
2024-02-08 23:01:06,722 - root - INFO - Epoch 21; loss: 15.332242965698242; CER: 0.9950853586196899; WER: 1.0; val_loss: 15.01206111907959; val_CER: 1.0; val_WER: 1.0
2024-02-08 23:01:23,207 - root - INFO - Epoch 22; loss: 15.091865539550781; CER: 0.9863248467445374; WER: 1.0; val_loss: 14.771259307861328; val_CER: 0.9961538314819336; val_WER: 1.0
2024-02-08 23:01:40,602 - root - INFO - Epoch 23; loss: 15.00862979888916; CER: 0.9743589758872986; WER: 1.0; val_loss: 14.993653297424316; val_CER: 0.9961538314819336; val_WER: 1.0
2024-02-08 23:01:57,729 - root - INFO - Epoch 24; loss: 14.822303771972656; CER: 0.9621794819831848; WER: 1.0; val_loss: 14.219205856323242; val_CER: 0.9557691812515259; val_WER: 1.0
2024-02-08 23:02:14,322 - root - INFO - Epoch 25; loss: 14.542683601379395; CER: 0.9534189105033875; WER: 1.0; val_loss: 15.106584548950195; val_CER: 0.9711538553237915; val_WER: 1.0
2024-02-08 23:02:31,784 - root - INFO - Epoch 26; loss: 14.312559127807617; CER: 0.9395300149917603; WER: 1.0; val_loss: 12.86799430847168; val_CER: 0.913461446762085; val_WER: 1.0
2024-02-08 23:02:48,886 - root - INFO - Epoch 27; loss: 14.04067611694336; CER: 0.9098290205001831; WER: 1.0; val_loss: 13.907383918762207; val_CER: 0.9307692646980286; val_WER: 1.0
2024-02-08 23:03:05,727 - root - INFO - Epoch 28; loss: 13.510939598083496; CER: 0.8764957785606384; WER: 1.0; val_loss: 13.574718475341797; val_CER: 0.8442307710647583; val_WER: 1.0
2024-02-08 23:03:23,681 - root - INFO - Epoch 29; loss: 13.323036193847656; CER: 0.8290598392486572; WER: 1.0; val_loss: 12.78356647491455; val_CER: 0.7865384817123413; val_WER: 1.0
2024-02-08 23:03:40,998 - root - INFO - Epoch 30; loss: 12.694232940673828; CER: 0.7848290801048279; WER: 1.0; val_loss: 11.664321899414062; val_CER: 0.7230768799781799; val_WER: 1.0
2024-02-08 23:03:58,446 - root - INFO - Epoch 31; loss: 12.345672607421875; CER: 0.751923143863678; WER: 1.0; val_loss: 10.767879486083984; val_CER: 0.6788461208343506; val_WER: 1.0
2024-02-08 23:04:14,974 - root - INFO - Epoch 32; loss: 12.009078979492188; CER: 0.7341881394386292; WER: 0.9989316463470459; val_loss: 13.381951332092285; val_CER: 0.8307692408561707; val_WER: 1.0
2024-02-08 23:04:31,666 - root - INFO - Epoch 33; loss: 11.560911178588867; CER: 0.7102565169334412; WER: 0.9946581125259399; val_loss: 10.471981048583984; val_CER: 0.6384615302085876; val_WER: 1.0
2024-02-08 23:04:48,689 - root - INFO - Epoch 34; loss: 11.106572151184082; CER: 0.6822649240493774; WER: 0.997863233089447; val_loss: 12.031986236572266; val_CER: 0.7192307710647583; val_WER: 1.0
2024-02-08 23:05:05,278 - root - INFO - Epoch 35; loss: 10.850433349609375; CER: 0.678632378578186; WER: 0.995726466178894; val_loss: 11.85505485534668; val_CER: 0.7000000476837158; val_WER: 1.0
2024-02-08 23:05:21,811 - root - INFO - Epoch 36; loss: 10.45045280456543; CER: 0.6463675498962402; WER: 0.9914529919624329; val_loss: 10.690345764160156; val_CER: 0.6538461446762085; val_WER: 1.0
2024-02-08 23:05:38,836 - root - INFO - Epoch 37; loss: 10.243633270263672; CER: 0.6354700922966003; WER: 0.9903846383094788; val_loss: 9.987083435058594; val_CER: 0.6134615540504456; val_WER: 1.0
2024-02-08 23:05:55,317 - root - INFO - Epoch 38; loss: 10.061827659606934; CER: 0.6356837749481201; WER: 0.9882478713989258; val_loss: 10.359579086303711; val_CER: 0.642307698726654; val_WER: 1.0
2024-02-08 23:06:12,710 - root - INFO - Epoch 39; loss: 9.568863868713379; CER: 0.6083333492279053; WER: 0.9839743375778198; val_loss: 6.660365104675293; val_CER: 0.4038461446762085; val_WER: 0.942307710647583
2024-02-08 23:06:29,384 - root - INFO - Epoch 40; loss: 9.23764705657959; CER: 0.5863247513771057; WER: 0.9743589758872986; val_loss: 9.818708419799805; val_CER: 0.6519231200218201; val_WER: 1.0
2024-02-08 23:06:46,057 - root - INFO - Epoch 41; loss: 9.312820434570312; CER: 0.5923076272010803; WER: 0.9754273295402527; val_loss: 8.920364379882812; val_CER: 0.5942307710647583; val_WER: 1.0
2024-02-08 23:07:03,190 - root - INFO - Epoch 42; loss: 8.854508399963379; CER: 0.5617521405220032; WER: 0.9647436141967773; val_loss: 8.291547775268555; val_CER: 0.5115384459495544; val_WER: 0.9903846383094788
2024-02-08 23:07:19,678 - root - INFO - Epoch 43; loss: 8.456639289855957; CER: 0.5386751890182495; WER: 0.9561966061592102; val_loss: 9.565048217773438; val_CER: 0.6346153616905212; val_WER: 1.0
2024-02-08 23:07:36,215 - root - INFO - Epoch 44; loss: 8.231446266174316; CER: 0.5286325812339783; WER: 0.9519230723381042; val_loss: 4.930522918701172; val_CER: 0.29230767488479614; val_WER: 0.807692289352417
2024-02-08 23:07:53,419 - root - INFO - Epoch 45; loss: 8.002574920654297; CER: 0.5068376064300537; WER: 0.9487179517745972; val_loss: 4.661166667938232; val_CER: 0.26730769872665405; val_WER: 0.7884615659713745
2024-02-08 23:08:10,065 - root - INFO - Epoch 46; loss: 7.667535305023193; CER: 0.4899573028087616; WER: 0.9177350401878357; val_loss: 6.038289546966553; val_CER: 0.40192312002182007; val_WER: 0.9615384340286255
2024-02-08 23:08:25,939 - root - INFO - Epoch 47; loss: 7.790964126586914; CER: 0.48952996730804443; WER: 0.9284188151359558; val_loss: 6.932395935058594; val_CER: 0.4346154034137726; val_WER: 0.9711538553237915
2024-02-08 23:08:43,226 - root - INFO - Epoch 48; loss: 7.133854389190674; CER: 0.4662393033504486; WER: 0.9091880321502686; val_loss: 6.783939838409424; val_CER: 0.436538428068161; val_WER: 0.9615384340286255
2024-02-08 23:08:59,779 - root - INFO - Epoch 49; loss: 7.039092540740967; CER: 0.4452991187572479; WER: 0.9027777910232544; val_loss: 5.330380916595459; val_CER: 0.32307693362236023; val_WER: 0.8653846383094788
2024-02-08 23:09:16,117 - root - INFO - Epoch 50; loss: 6.761964321136475; CER: 0.438461571931839; WER: 0.8696581125259399; val_loss: 4.79805850982666; val_CER: 0.3096154034137726; val_WER: 0.8653846383094788
2024-02-08 23:09:32,551 - root - INFO - Epoch 51; loss: 6.739853382110596; CER: 0.42799142003059387; WER: 0.8878205418586731; val_loss: 3.6498630046844482; val_CER: 0.22499999403953552; val_WER: 0.682692289352417
2024-02-08 23:09:49,128 - root - INFO - Epoch 52; loss: 6.447579383850098; CER: 0.41730764508247375; WER: 0.8685897588729858; val_loss: 3.0271177291870117; val_CER: 0.18076921999454498; val_WER: 0.6346153616905212
2024-02-08 23:10:06,110 - root - INFO - Epoch 53; loss: 6.291390419006348; CER: 0.3948717713356018; WER: 0.8525640964508057; val_loss: 2.519057273864746; val_CER: 0.14038461446762085; val_WER: 0.557692289352417
2024-02-08 23:10:22,538 - root - INFO - Epoch 54; loss: 5.995499610900879; CER: 0.39337608218193054; WER: 0.8237179517745972; val_loss: 4.6123785972595215; val_CER: 0.2807692289352417; val_WER: 0.807692289352417
2024-02-08 23:10:38,985 - root - INFO - Epoch 55; loss: 5.938539028167725; CER: 0.38717949390411377; WER: 0.8376068472862244; val_loss: 2.7551963329315186; val_CER: 0.17884615063667297; val_WER: 0.625
2024-02-08 23:10:55,341 - root - INFO - Epoch 56; loss: 5.7632036209106445; CER: 0.3685897886753082; WER: 0.8226495981216431; val_loss: 3.0230019092559814; val_CER: 0.1865384727716446; val_WER: 0.6057692170143127
2024-02-08 23:11:12,016 - root - INFO - Epoch 57; loss: 5.544709205627441; CER: 0.35769227147102356; WER: 0.8066239356994629; val_loss: 2.3010032176971436; val_CER: 0.13846154510974884; val_WER: 0.5288461446762085
2024-02-08 23:11:28,410 - root - INFO - Epoch 58; loss: 5.387181282043457; CER: 0.3386751711368561; WER: 0.7873931527137756; val_loss: 2.912271499633789; val_CER: 0.18269230425357819; val_WER: 0.6442307829856873
2024-02-08 23:11:45,654 - root - INFO - Epoch 59; loss: 5.215847969055176; CER: 0.335256427526474; WER: 0.7713675498962402; val_loss: 5.007014751434326; val_CER: 0.3153846561908722; val_WER: 0.9038461446762085
2024-02-08 23:12:03,136 - root - INFO - Epoch 60; loss: 5.176828861236572; CER: 0.335256427526474; WER: 0.7831196784973145; val_loss: 2.547899007797241; val_CER: 0.13846153020858765; val_WER: 0.5384615659713745
2024-02-08 23:12:20,025 - root - INFO - Epoch 61; loss: 5.072275638580322; CER: 0.31901708245277405; WER: 0.7660256624221802; val_loss: 2.028473138809204; val_CER: 0.11730769276618958; val_WER: 0.48076921701431274
2024-02-08 23:12:37,134 - root - INFO - Epoch 62; loss: 4.941023349761963; CER: 0.32307690382003784; WER: 0.7414529919624329; val_loss: 2.091376781463623; val_CER: 0.11153846234083176; val_WER: 0.4423076808452606
2024-02-08 23:12:53,865 - root - INFO - Epoch 63; loss: 4.846901893615723; CER: 0.31303417682647705; WER: 0.745726466178894; val_loss: 1.768930435180664; val_CER: 0.0923076868057251; val_WER: 0.4038461446762085
2024-02-08 23:13:10,745 - root - INFO - Epoch 64; loss: 4.722910404205322; CER: 0.3104700446128845; WER: 0.7264957427978516; val_loss: 2.355628728866577; val_CER: 0.14807692170143127; val_WER: 0.5288461446762085
2024-02-08 23:13:27,385 - root - INFO - Epoch 65; loss: 4.335361003875732; CER: 0.28055551648139954; WER: 0.6773504018783569; val_loss: 3.2559516429901123; val_CER: 0.20384615659713745; val_WER: 0.6634615659713745
2024-02-08 23:13:44,071 - root - INFO - Epoch 66; loss: 4.307992458343506; CER: 0.279914528131485; WER: 0.7061966061592102; val_loss: 1.5889660120010376; val_CER: 0.08269231021404266; val_WER: 0.3365384638309479
2024-02-08 23:14:01,427 - root - INFO - Epoch 67; loss: 4.186034202575684; CER: 0.2666666507720947; WER: 0.6720085740089417; val_loss: 1.7175410985946655; val_CER: 0.09615384787321091; val_WER: 0.4038461446762085
2024-02-08 23:14:18,028 - root - INFO - Epoch 68; loss: 4.031697750091553; CER: 0.2587606906890869; WER: 0.6559829115867615; val_loss: 1.5333998203277588; val_CER: 0.09038461744785309; val_WER: 0.375
2024-02-08 23:14:34,809 - root - INFO - Epoch 69; loss: 4.020884990692139; CER: 0.25940173864364624; WER: 0.6816239356994629; val_loss: 1.3853130340576172; val_CER: 0.07307692617177963; val_WER: 0.2884615361690521
2024-02-08 23:14:51,741 - root - INFO - Epoch 70; loss: 3.8004467487335205; CER: 0.245940163731575; WER: 0.6463675498962402; val_loss: 1.7985261678695679; val_CER: 0.10576923191547394; val_WER: 0.4423076808452606
2024-02-08 23:15:08,949 - root - INFO - Epoch 71; loss: 3.973407506942749; CER: 0.26517096161842346; WER: 0.6816239356994629; val_loss: 2.26023530960083; val_CER: 0.13076923787593842; val_WER: 0.5288461446762085
2024-02-08 23:15:26,189 - root - INFO - Epoch 72; loss: 3.8366124629974365; CER: 0.2431623935699463; WER: 0.6196581125259399; val_loss: 1.2673311233520508; val_CER: 0.06730769574642181; val_WER: 0.29807692766189575
2024-02-08 23:15:43,453 - root - INFO - Epoch 73; loss: 3.7608773708343506; CER: 0.24658122658729553; WER: 0.6442307829856873; val_loss: 1.4121848344802856; val_CER: 0.07115384936332703; val_WER: 0.3173076808452606
2024-02-08 23:16:00,419 - root - INFO - Epoch 74; loss: 3.6534311771392822; CER: 0.23076923191547394; WER: 0.625; val_loss: 1.7048107385635376; val_CER: 0.08269231021404266; val_WER: 0.3461538553237915
2024-02-08 23:16:17,862 - root - INFO - Epoch 75; loss: 3.7124481201171875; CER: 0.23846152424812317; WER: 0.6260683536529541; val_loss: 1.590954065322876; val_CER: 0.09038461744785309; val_WER: 0.375
2024-02-08 23:16:34,193 - root - INFO - Epoch 76; loss: 3.575857162475586; CER: 0.23290599882602692; WER: 0.6367521286010742; val_loss: 1.4363386631011963; val_CER: 0.08846153318881989; val_WER: 0.375
2024-02-08 23:16:50,502 - root - INFO - Epoch 77; loss: 3.402333974838257; CER: 0.2202991396188736; WER: 0.6036324501037598; val_loss: 1.3155488967895508; val_CER: 0.07692307978868484; val_WER: 0.32692307233810425
2024-02-08 23:17:07,186 - root - INFO - Epoch 78; loss: 3.2795684337615967; CER: 0.21474358439445496; WER: 0.5929487347602844; val_loss: 3.4086058139801025; val_CER: 0.20961540937423706; val_WER: 0.692307710647583
2024-02-08 23:17:23,749 - root - INFO - Epoch 79; loss: 3.0691885948181152; CER: 0.1982906013727188; WER: 0.5747863054275513; val_loss: 1.1863330602645874; val_CER: 0.07115384936332703; val_WER: 0.2884615361690521
2024-02-08 23:17:40,408 - root - INFO - Epoch 80; loss: 2.996305227279663; CER: 0.20000001788139343; WER: 0.5737179517745972; val_loss: 1.049074411392212; val_CER: 0.07115384191274643; val_WER: 0.3076923191547394
2024-02-08 23:17:57,217 - root - INFO - Epoch 81; loss: 3.046186685562134; CER: 0.2012820541858673; WER: 0.5822649598121643; val_loss: 0.9679903984069824; val_CER: 0.05576923117041588; val_WER: 0.25961539149284363
2024-02-08 23:18:13,877 - root - INFO - Epoch 82; loss: 2.991727590560913; CER: 0.1925213783979416; WER: 0.563034176826477; val_loss: 1.0385242700576782; val_CER: 0.06730769574642181; val_WER: 0.3076923191547394
2024-02-08 23:18:30,438 - root - INFO - Epoch 83; loss: 3.0589585304260254; CER: 0.19764958322048187; WER: 0.5790598392486572; val_loss: 1.0142701864242554; val_CER: 0.0615384615957737; val_WER: 0.25961539149284363
2024-02-08 23:18:47,045 - root - INFO - Epoch 84; loss: 2.982067584991455; CER: 0.1882478892803192; WER: 0.5523504018783569; val_loss: 1.070490837097168; val_CER: 0.061538465321063995; val_WER: 0.26923078298568726
2024-02-08 23:19:04,340 - root - INFO - Epoch 85; loss: 2.90254807472229; CER: 0.192307710647583; WER: 0.5555555820465088; val_loss: 1.3010586500167847; val_CER: 0.08269230276346207; val_WER: 0.29807692766189575
2024-02-08 23:19:21,107 - root - INFO - Epoch 86; loss: 2.8767783641815186; CER: 0.1876068413257599; WER: 0.5641025900840759; val_loss: 1.0377460718154907; val_CER: 0.06730769574642181; val_WER: 0.26923078298568726
2024-02-08 23:19:38,252 - root - INFO - Epoch 87; loss: 2.778808832168579; CER: 0.1914530098438263; WER: 0.5587607026100159; val_loss: 1.0081273317337036; val_CER: 0.06538461893796921; val_WER: 0.29807692766189575
2024-02-08 23:19:54,916 - root - INFO - Epoch 88; loss: 2.673513889312744; CER: 0.17585471272468567; WER: 0.5384615659713745; val_loss: 0.9832308292388916; val_CER: 0.061538465321063995; val_WER: 0.25961539149284363
2024-02-08 23:20:11,603 - root - INFO - Epoch 89; loss: 2.5755927562713623; CER: 0.16709403693675995; WER: 0.5106837749481201; val_loss: 0.7849047780036926; val_CER: 0.06538461893796921; val_WER: 0.2884615361690521
2024-02-08 23:20:28,230 - root - INFO - Epoch 90; loss: 2.4668545722961426; CER: 0.15213675796985626; WER: 0.47863247990608215; val_loss: 1.0595391988754272; val_CER: 0.07500000298023224; val_WER: 0.29807692766189575
2024-02-08 23:20:44,837 - root - INFO - Epoch 91; loss: 2.494563102722168; CER: 0.16153843700885773; WER: 0.5096153616905212; val_loss: 0.9820536375045776; val_CER: 0.0615384615957737; val_WER: 0.2788461446762085
2024-02-08 23:21:01,459 - root - INFO - Epoch 92; loss: 2.503023624420166; CER: 0.1647435873746872; WER: 0.5; val_loss: 0.9922497868537903; val_CER: 0.063461534678936; val_WER: 0.2884615361690521
2024-02-08 23:21:19,344 - root - INFO - Epoch 93; loss: 2.3049938678741455; CER: 0.1446581333875656; WER: 0.4572649598121643; val_loss: 0.8886048197746277; val_CER: 0.063461534678936; val_WER: 0.26923078298568726
2024-02-08 23:21:36,223 - root - INFO - Epoch 94; loss: 2.3019511699676514; CER: 0.1517094224691391; WER: 0.4764957129955292; val_loss: 0.8475438356399536; val_CER: 0.057692307978868484; val_WER: 0.2211538404226303
2024-02-08 23:21:53,051 - root - INFO - Epoch 95; loss: 2.2289233207702637; CER: 0.1478632390499115; WER: 0.5010683536529541; val_loss: 0.8984020948410034; val_CER: 0.05576922744512558; val_WER: 0.2211538404226303
2024-02-08 23:22:10,335 - root - INFO - Epoch 96; loss: 2.121464252471924; CER: 0.13440169394016266; WER: 0.43803417682647705; val_loss: 0.9107536673545837; val_CER: 0.0615384615957737; val_WER: 0.25
2024-02-08 23:22:27,073 - root - INFO - Epoch 97; loss: 2.376220226287842; CER: 0.1538461595773697; WER: 0.49038460850715637; val_loss: 0.8667281866073608; val_CER: 0.06538461893796921; val_WER: 0.26923078298568726
2024-02-08 23:22:43,902 - root - INFO - Epoch 98; loss: 2.2554683685302734; CER: 0.1497863233089447; WER: 0.4861111044883728; val_loss: 0.7343283891677856; val_CER: 0.0634615421295166; val_WER: 0.25961539149284363
2024-02-08 23:23:01,021 - root - INFO - Epoch 99; loss: 2.1921870708465576; CER: 0.13311965763568878; WER: 0.44017094373703003; val_loss: 0.822624921798706; val_CER: 0.048076923936605453; val_WER: 0.2211538404226303
2024-02-08 23:23:02,467 - tf2onnx.tfonnx - INFO - Using tensorflow=2.7.0, onnx=1.15.0, tf2onnx=1.16.1/15c810
2024-02-08 23:23:02,467 - tf2onnx.tfonnx - INFO - Using opset <onnx, 15>
2024-02-08 23:23:02,602 - tf2onnx.tf_utils - INFO - Computed 0 values for constant folding
2024-02-08 23:23:02,610 - tf2onnx.tf_utils - INFO - Computed 0 values for constant folding
2024-02-08 23:23:02,614 - tf2onnx.tf_utils - INFO - Computed 0 values for constant folding
2024-02-08 23:23:02,620 - tf2onnx.tf_utils - INFO - Computed 0 values for constant folding
2024-02-08 23:23:02,692 - tf2onnx.tf_utils - INFO - Computed 2 values for constant folding
2024-02-08 23:23:02,780 - tf2onnx.tfonnx - INFO - folding node using tf type=StridedSlice, name=model/bidirectional/forward_lstm/PartitionedCall/strided_slice
2024-02-08 23:23:02,780 - tf2onnx.tfonnx - INFO - folding node using tf type=StridedSlice, name=model/bidirectional/backward_lstm/PartitionedCall/strided_slice
2024-02-08 23:23:02,928 - tf2onnx.optimizer - INFO - Optimizing ONNX model
2024-02-08 23:23:03,364 - tf2onnx.optimizer - INFO - After optimization: BatchNormalization -18 (18->0), Cast -4 (11->7), Concat -4 (10->6), Const -128 (194->66), Expand -3 (4->1), Gather +2 (2->4), Identity -2 (2->0), Shape -1 (4->3), Slice -1 (5->4), Squeeze -3 (5->2), Transpose -83 (87->4), Unsqueeze -14 (17->3)
